#
# A fatal error has been detected by the Java Runtime Environment:
#
#  EXCEPTION_ACCESS_VIOLATION (0xc0000005) at pc=0x00007ffc3fa2d380, pid=3340, tid=17292
#
# JRE version: OpenJDK Runtime Environment (15.0+36) (build 15+36-1562)
# Java VM: OpenJDK 64-Bit Server VM (15+36-1562, mixed mode, tiered, compressed oops, g1 gc, windows-amd64)
# Problematic frame:
# V  [jvm.dll+0x2bd380]
#
# No core dump will be written. Minidumps are not enabled by default on client versions of Windows
#
# If you would like to submit a bug report, please visit:
#   https://bugreport.java.com/bugreport/crash.jsp
#

---------------  S U M M A R Y ------------

Command Line: -Dfile.encoding=UTF-8 -XX:+ShowCodeDetailsInExceptionMessages za.co.iherridge0.rest.webservices.todorestfulwebservices.TodoRestfulWebServicesApplication

Host: Intel(R) Core(TM) i7-4790 CPU @ 3.60GHz, 8 cores, 15G,  Windows 10 , 64 bit Build 19041 (10.0.19041.546)
Time: Thu Nov 26 13:22:17 2020 South Africa Standard Time elapsed time: 64.097431 seconds (0d 0h 1m 4s)

---------------  T H R E A D  ---------------

Current thread (0x000001a665b58290):  GCTaskThread "GC Thread#2" [stack: 0x0000007ae2100000,0x0000007ae2200000] [id=17292]

Stack: [0x0000007ae2100000,0x0000007ae2200000],  sp=0x0000007ae21ff7a0,  free space=1021k
Native frames: (J=compiled Java code, j=interpreted, Vv=VM code, C=native code)
V  [jvm.dll+0x2bd380]
V  [jvm.dll+0x2bad7a]
V  [jvm.dll+0x2c18cf]
V  [jvm.dll+0x2c124d]
V  [jvm.dll+0x2c0b2a]
V  [jvm.dll+0x7ac800]
V  [jvm.dll+0x73c64a]
V  [jvm.dll+0x628d16]
C  [ucrtbase.dll+0x214c2]
C  [KERNEL32.DLL+0x17034]
C  [ntdll.dll+0x4cec1]


siginfo: EXCEPTION_ACCESS_VIOLATION (0xc0000005), reading address 0xffffffffffffffff


Register to memory mapping:

RIP=0x00007ffc3fa2d380 jvm.dll
RAX=0x000001a65e6f0000 points into unknown readable memory: 0x0000000000000001 | 01 00 00 00 00 00 00 00
RBX=0x000001a64626e7c0 points into unknown readable memory: 0x00007ffc3fff3b58 | 58 3b ff 3f fc 7f 00 00
RCX=0x007ffffffe7f1000 is an unknown value
RDX=0x1fffffff9fc40000 is an unknown value
RSP=0x0000007ae21ff7a0 points into unknown readable memory: 0x000000000000000c | 0c 00 00 00 00 00 00 00
RBP=0x00000007025cf854 is pointing into object: java.lang.Class 
{0x00000007025cf7e8} - klass: 'java/lang/Class'
RSI=0x0000000000000001 is an unknown value
RDI=0x0000000400000000 is an unknown value
R8 =0x000001a6677bec38 points into unknown readable memory: 0x00007ffc3fff5ae8 | e8 5a ff 3f fc 7f 00 00
R9 =0x0000000800000000 is pointing into metadata
R10=0x0 is NULL
R11=0x0000007ae21ff8f0 points into unknown readable memory: 0x000001a665b64d40 | 40 4d b6 65 a6 01 00 00
R12=0x0000000800002b00 is a pointer to class: 
java.lang.Cloneable {0x0000000800002b08}
R13=0x00000007025cf7e8 is an oop: java.lang.Class 
{0x00000007025cf7e8} - klass: 'java/lang/Class'
R14=0x0000000800002af8 is pointing into metadata
R15=0x000001a6677be690 points into unknown readable memory: 0x3400000000000001 | 01 00 00 00 00 00 00 34


Registers:
RAX=0x000001a65e6f0000, RBX=0x000001a64626e7c0, RCX=0x007ffffffe7f1000, RDX=0x1fffffff9fc40000
RSP=0x0000007ae21ff7a0, RBP=0x00000007025cf854, RSI=0x0000000000000001, RDI=0x0000000400000000
R8 =0x000001a6677bec38, R9 =0x0000000800000000, R10=0x0000000000000000, R11=0x0000007ae21ff8f0
R12=0x0000000800002b00, R13=0x00000007025cf7e8, R14=0x0000000800002af8, R15=0x000001a6677be690
RIP=0x00007ffc3fa2d380, EFLAGS=0x0000000000010206

Top of Stack: (sp=0x0000007ae21ff7a0)
0x0000007ae21ff7a0:   000000000000000c 000001a644136e90
0x0000007ae21ff7b0:   00000007025b6510 00007ffc3fa2c171
0x0000007ae21ff7c0:   00000007025b64e8 000001a6677be690
0x0000007ae21ff7d0:   000001a6677bec38 00007ffc3fa2ad7a
0x0000007ae21ff7e0:   00000007025cf824 000001a6677be690
0x0000007ae21ff7f0:   0000000400000000 0000000800002af8
0x0000007ae21ff800:   0000000000000010 000000000000000c
0x0000007ae21ff810:   0000007ae12ff280 0000000000000000
0x0000007ae21ff820:   000001a6677be690 00007ffc3fa318cf
0x0000007ae21ff830:   00007ffc3f770000 000001a6677be690
0x0000007ae21ff840:   00000007025cf7e8 00007ffc3fa518bd
0x0000007ae21ff850:   0000007ae12fec68 0000000000000000
0x0000007ae21ff860:   000001a665b64d01 0000000000000000
0x0000007ae21ff870:   0000000000000001 0000007ae12ff3a0
0x0000007ae21ff880:   0000007a00000001 0000000000000000
0x0000007ae21ff890:   00007ffc3fff5de0 000001a665b64d50 

Instructions: (pc=0x00007ffc3fa2d380)
0x00007ffc3fa2d280:   00 00 84 c0 74 0c 48 8d 4f 10 48 8b d3 e8 ce 05
0x00007ffc3fa2d290:   00 00 48 8b 7c 24 30 48 83 c4 20 5b c3 cc cc cc
0x00007ffc3fa2d2a0:   e9 7b 4e 00 00 cc cc cc cc cc cc cc cc cc cc cc
0x00007ffc3fa2d2b0:   e9 fb 51 00 00 cc cc cc cc cc cc cc cc cc cc cc
0x00007ffc3fa2d2c0:   80 3d 09 2d 7c 00 00 48 8b d1 74 19 8b 0d c6 cf
0x00007ffc3fa2d2d0:   73 00 48 8b 05 af cf 73 00 48 d3 ea 80 3c 02 02
0x00007ffc3fa2d2e0:   75 03 b0 01 c3 32 c0 c3 cc cc cc cc cc cc cc cc
0x00007ffc3fa2d2f0:   48 8b 01 48 8b 80 90 03 00 00 48 8b 80 98 00 00
0x00007ffc3fa2d300:   00 c3 cc cc cc cc cc cc cc cc cc cc cc cc cc cc
0x00007ffc3fa2d310:   48 89 5c 24 08 48 89 74 24 10 48 89 7c 24 18 4c
0x00007ffc3fa2d320:   89 74 24 20 41 57 48 83 ec 30 80 3d 9f 2c 7c 00
0x00007ffc3fa2d330:   00 48 8b fa 4c 8b f9 74 1a 8b 0d 59 cf 73 00 4c
0x00007ffc3fa2d340:   8b c2 48 8b 05 3f cf 73 00 49 d3 e8 41 80 3c 00
0x00007ffc3fa2d350:   02 74 73 49 8b 5f 08 48 8b cb 48 8b 03 ff 10 8b
0x00007ffc3fa2d360:   4b 18 48 8b d7 48 2b 53 08 be 01 00 00 00 48 8b
0x00007ffc3fa2d370:   43 20 48 c1 ea 03 48 d3 ea 48 8b ca 48 c1 e9 06
0x00007ffc3fa2d380:   48 8b 1c c8 4c 8d 34 c8 0f b6 ca 48 8b c3 80 e1
0x00007ffc3fa2d390:   3f 48 d3 e6 48 0b c6 48 3b c3 74 2a 0f 1f 40 00
0x00007ffc3fa2d3a0:   4c 8b 0d c1 5f 75 00 4c 8b c3 49 8b d6 48 8b c8
0x00007ffc3fa2d3b0:   41 ff d1 48 8b c8 48 3b c3 74 28 48 8b d8 48 0b
0x00007ffc3fa2d3c0:   c6 48 3b c3 75 da 32 c0 48 8b 5c 24 40 48 8b 74
0x00007ffc3fa2d3d0:   24 48 48 8b 7c 24 50 4c 8b 74 24 58 48 83 c4 30
0x00007ffc3fa2d3e0:   41 5f c3 48 8b 07 4c 8b c0 41 83 e0 07 80 3d 0d
0x00007ffc3fa2d3f0:   3c 7c 00 00 74 3b 49 83 f8 05 0f 84 a3 00 00 00
0x00007ffc3fa2d400:   80 3d 9a 3b 7c 00 00 74 15 8b 57 08 8b 0d 0e c6
0x00007ffc3fa2d410:   73 00 48 d3 e2 48 03 15 fc c5 73 00 eb 04 48 8b
0x00007ffc3fa2d420:   57 08 0f b6 8a b8 00 00 00 80 e1 07 80 f9 05 74
0x00007ffc3fa2d430:   15 49 83 f8 01 75 0f 48 b9 00 ff ff ff 7f 00 00
0x00007ffc3fa2d440:   00 48 85 c1 74 5d 80 3d 83 2b 7c 00 00 74 19 8b
0x00007ffc3fa2d450:   0d 43 ce 73 00 48 8b d7 48 d3 ea 48 8b 0d 26 ce
0x00007ffc3fa2d460:   73 00 80 3c 0a 01 74 3b 49 8b 9f a0 05 00 00 48
0x00007ffc3fa2d470:   89 7c 24 20 48 89 44 24 28 48 8b 4b 20 48 3b 4b 


Stack slot to memory mapping:
stack at sp + 0 slots: 0x000000000000000c is an unknown value
stack at sp + 1 slots: 0x000001a644136e90 points into unknown readable memory: 0x00007ffc40046f58 | 58 6f 04 40 fc 7f 00 00
stack at sp + 2 slots: 0x00000007025b6510 is an oop: java.lang.Class$ReflectionData 
{0x00000007025b6510} - klass: 'java/lang/Class$ReflectionData'
stack at sp + 3 slots: 0x00007ffc3fa2c171 jvm.dll
stack at sp + 4 slots: 0x00000007025b64e8 is an oop: java.lang.ref.SoftReference 
{0x00000007025b64e8} - klass: 'java/lang/ref/SoftReference'
stack at sp + 5 slots: 0x000001a6677be690 points into unknown readable memory: 0x3400000000000001 | 01 00 00 00 00 00 00 34
stack at sp + 6 slots: 0x000001a6677bec38 points into unknown readable memory: 0x00007ffc3fff5ae8 | e8 5a ff 3f fc 7f 00 00
stack at sp + 7 slots: 0x00007ffc3fa2ad7a jvm.dll


---------------  P R O C E S S  ---------------

Threads class SMR info:
_java_thread_list=0x000001a66e791070, length=13, elements={
0x000001a6659aa140, 0x000001a6659ad2a0, 0x000001a6659d42b0, 0x000001a6659d4b70,
0x000001a6659d7380, 0x000001a6659c4010, 0x000001a6659fc570, 0x000001a6659c9cb0,
0x000001a665b7cdb0, 0x000001a665b7b0d0, 0x000001a6676c1270, 0x000001a6676ba3c0,
0x000001a6676bbbd0
}

Java Threads: ( => current thread )
  0x000001a6659aa140 JavaThread "Reference Handler" daemon [_thread_blocked, id=1880, stack(0x0000007ae1300000,0x0000007ae1400000)]
  0x000001a6659ad2a0 JavaThread "Finalizer" daemon [_thread_blocked, id=17928, stack(0x0000007ae1400000,0x0000007ae1500000)]
  0x000001a6659d42b0 JavaThread "Signal Dispatcher" daemon [_thread_blocked, id=2784, stack(0x0000007ae1500000,0x0000007ae1600000)]
  0x000001a6659d4b70 JavaThread "Attach Listener" daemon [_thread_blocked, id=16876, stack(0x0000007ae1600000,0x0000007ae1700000)]
  0x000001a6659d7380 JavaThread "Service Thread" daemon [_thread_blocked, id=10412, stack(0x0000007ae1700000,0x0000007ae1800000)]
  0x000001a6659c4010 JavaThread "C2 CompilerThread0" daemon [_thread_blocked, id=1852, stack(0x0000007ae1800000,0x0000007ae1900000)]
  0x000001a6659fc570 JavaThread "C1 CompilerThread0" daemon [_thread_blocked, id=16028, stack(0x0000007ae1900000,0x0000007ae1a00000)]
  0x000001a6659c9cb0 JavaThread "Sweeper thread" daemon [_thread_blocked, id=17180, stack(0x0000007ae1a00000,0x0000007ae1b00000)]
  0x000001a665b7cdb0 JavaThread "Notification Thread" daemon [_thread_blocked, id=12848, stack(0x0000007ae1b00000,0x0000007ae1c00000)]
  0x000001a665b7b0d0 JavaThread "Common-Cleaner" daemon [_thread_blocked, id=14124, stack(0x0000007ae1d00000,0x0000007ae1e00000)]
  0x000001a6676c1270 JavaThread "Live Reload Server" daemon [_thread_in_native, id=4656, stack(0x0000007ae3200000,0x0000007ae3300000)]
  0x000001a6676ba3c0 JavaThread "DestroyJavaVM" [_thread_blocked, id=17564, stack(0x0000007ae0c00000,0x0000007ae0d00000)]
  0x000001a6676bbbd0 JavaThread "Thread-5" [_thread_blocked, id=6080, stack(0x0000007ae0900000,0x0000007ae0a00000)]

Other Threads:
  0x000001a665970880 VMThread "VM Thread" [stack: 0x0000007ae1200000,0x0000007ae1300000] [id=15884]
  0x000001a665b80380 WatcherThread [stack: 0x0000007ae1c00000,0x0000007ae1d00000] [id=16144]
  0x000001a64626cff0 GCTaskThread "GC Thread#0" [stack: 0x0000007ae0d00000,0x0000007ae0e00000] [id=14072]
  0x000001a665b5a5a0 GCTaskThread "GC Thread#1" [stack: 0x0000007ae2000000,0x0000007ae2100000] [id=4704]
=>0x000001a665b58290 GCTaskThread "GC Thread#2" [stack: 0x0000007ae2100000,0x0000007ae2200000] [id=17292]
  0x000001a665b58c20 GCTaskThread "GC Thread#3" [stack: 0x0000007ae2200000,0x0000007ae2300000] [id=5792]
  0x000001a665b57c30 GCTaskThread "GC Thread#4" [stack: 0x0000007ae2300000,0x0000007ae2400000] [id=1860]
  0x000001a665b598e0 GCTaskThread "GC Thread#5" [stack: 0x0000007ae2400000,0x0000007ae2500000] [id=14416]
  0x000001a665b5a8d0 GCTaskThread "GC Thread#6" [stack: 0x0000007ae2800000,0x0000007ae2900000] [id=16588]
  0x000001a665b57900 GCTaskThread "GC Thread#7" [stack: 0x0000007ae2900000,0x0000007ae2a00000] [id=13572]
  0x000001a64627f790 ConcurrentGCThread "G1 Main Marker" [stack: 0x0000007ae0e00000,0x0000007ae0f00000] [id=1500]
  0x000001a646280310 ConcurrentGCThread "G1 Conc#0" [stack: 0x0000007ae0f00000,0x0000007ae1000000] [id=10944]
  0x000001a665b58f50 ConcurrentGCThread "G1 Conc#1" [stack: 0x0000007ae2a00000,0x0000007ae2b00000] [id=18760]
  0x000001a664f9a100 ConcurrentGCThread "G1 Refine#0" [stack: 0x0000007ae1000000,0x0000007ae1100000] [id=6020]
  0x000001a664f9b860 ConcurrentGCThread "G1 Young RemSet Sampling" [stack: 0x0000007ae1100000,0x0000007ae1200000] [id=6008]

Threads with active compile tasks:
C2 CompilerThread0    64152 4244       4       jdk.internal.org.objectweb.asm.SymbolTable::addConstantUtf8 (98 bytes)
C1 CompilerThread0    64152 4248       1       org.springframework.util.ConcurrentReferenceHashMap::access$200 (5 bytes)

VM state: at safepoint (normal execution)

VM Mutex/Monitor currently owned by a thread:  ([mutex/lock_event])
[0x000001a64621b760] Threads_lock - owner thread: 0x000001a665970880
[0x000001a64621b640] Heap_lock - owner thread: 0x000001a6676bbbd0

Heap address: 0x0000000701e00000, size: 4066 MB, Compressed Oops mode: Zero based, Oop shift amount: 3
CDS disabled.
Compressed class space mapped at: 0x0000000800000000-0x0000000840000000, size: 1073741824
Narrow klass base: 0x0000000800000000, Narrow klass shift: 0, Narrow klass range: 0x40000000

GC Precious Log:
 CPUs: 8 total, 8 available
 Memory: 16256M
 Large Page Support: Disabled
 NUMA Support: Disabled
 Compressed Oops: Enabled (Zero based)
 Heap Region Size: 2M
 Heap Min Capacity: 8M
 Heap Initial Capacity: 256M
 Heap Max Capacity: 4066M
 Pre-touch: Disabled
 Parallel Workers: 8
 Concurrent Workers: 2
 Concurrent Refinement Workers: 8
 Periodic GC: Disabled

Heap:
 garbage-first heap   total 61440K, used 37053K [0x0000000701e00000, 0x0000000800000000)
  region size 2048K, 13 young (26624K), 3 survivors (6144K)
 Metaspace       used 52838K, capacity 53274K, committed 53376K, reserved 1095680K
  class space    used 6294K, capacity 6435K, committed 6528K, reserved 1048576K

Heap Regions: E=young(eden), S=young(survivor), O=old, HS=humongous(starts), HC=humongous(continues), CS=collection set, F=free, OA=open archive, CA=closed archive, TAMS=top-at-mark-start (previous, next)
|   0|0x0000000701e00000, 0x0000000702000000, 0x0000000702000000|100%| O|  |TAMS 0x0000000702000000, 0x0000000701e00000| Untracked 
|   1|0x0000000702000000, 0x0000000702200000, 0x0000000702200000|100%| O|  |TAMS 0x0000000702200000, 0x0000000702000000| Untracked 
|   2|0x0000000702200000, 0x0000000702384400, 0x0000000702400000| 75%| O|  |TAMS 0x0000000702384400, 0x0000000702200000| Untracked 
|   3|0x0000000702400000, 0x00000007025eb000, 0x0000000702600000| 95%| O|  |TAMS 0x00000007025eb000, 0x0000000702400000| Untracked 
|   4|0x0000000702600000, 0x0000000702800000, 0x0000000702800000|100%| O|  |TAMS 0x0000000702600000, 0x0000000702600000| Untracked 
|   5|0x0000000702800000, 0x0000000702a00000, 0x0000000702a00000|100%| O|  |TAMS 0x0000000702800000, 0x0000000702800000| Untracked 
|   6|0x0000000702a00000, 0x0000000702b4d400, 0x0000000702c00000| 65%| O|  |TAMS 0x0000000702a00000, 0x0000000702a00000| Untracked 
|   7|0x0000000702c00000, 0x0000000702c00000, 0x0000000702e00000|  0%| F|  |TAMS 0x0000000702c00000, 0x0000000702c00000| Untracked 
|   8|0x0000000702e00000, 0x0000000702e00000, 0x0000000703000000|  0%| F|  |TAMS 0x0000000702e00000, 0x0000000702e00000| Untracked 
|   9|0x0000000703000000, 0x0000000703000000, 0x0000000703200000|  0%| F|  |TAMS 0x0000000703000000, 0x0000000703000000| Untracked 
|  10|0x0000000703200000, 0x0000000703200000, 0x0000000703400000|  0%| F|  |TAMS 0x0000000703200000, 0x0000000703200000| Untracked 
|  11|0x0000000703400000, 0x0000000703400000, 0x0000000703600000|  0%| F|  |TAMS 0x0000000703400000, 0x0000000703400000| Untracked 
|  12|0x0000000703600000, 0x0000000703738f08, 0x0000000703800000| 61%| S|  |TAMS 0x0000000703600000, 0x0000000703600000| Complete 
|  13|0x0000000703800000, 0x0000000703a00000, 0x0000000703a00000|100%| S|  |TAMS 0x0000000703800000, 0x0000000703800000| Complete 
|  14|0x0000000703a00000, 0x0000000703c00000, 0x0000000703c00000|100%| S|  |TAMS 0x0000000703a00000, 0x0000000703a00000| Complete 
|  15|0x0000000703c00000, 0x0000000703c00000, 0x0000000703e00000|  0%| F|  |TAMS 0x0000000703c00000, 0x0000000703c00000| Untracked 
|  16|0x0000000703e00000, 0x0000000703e00000, 0x0000000704000000|  0%| F|  |TAMS 0x0000000703e00000, 0x0000000703e00000| Untracked 
|  17|0x0000000704000000, 0x0000000704000000, 0x0000000704200000|  0%| F|  |TAMS 0x0000000704000000, 0x0000000704000000| Untracked 
|  18|0x0000000704200000, 0x0000000704200000, 0x0000000704400000|  0%| F|  |TAMS 0x0000000704200000, 0x0000000704200000| Untracked 
|  19|0x0000000704400000, 0x0000000704400000, 0x0000000704600000|  0%| F|  |TAMS 0x0000000704400000, 0x0000000704400000| Untracked 
|  20|0x0000000704600000, 0x0000000704639db0, 0x0000000704800000| 11%| E|  |TAMS 0x0000000704600000, 0x0000000704600000| Complete 
|  21|0x0000000704800000, 0x0000000704a00000, 0x0000000704a00000|100%| E|  |TAMS 0x0000000704800000, 0x0000000704800000| Complete 
|  22|0x0000000704a00000, 0x0000000704c00000, 0x0000000704c00000|100%| E|  |TAMS 0x0000000704a00000, 0x0000000704a00000| Complete 
|  23|0x0000000704c00000, 0x0000000704e00000, 0x0000000704e00000|100%| E|  |TAMS 0x0000000704c00000, 0x0000000704c00000| Complete 
|  24|0x0000000704e00000, 0x0000000705000000, 0x0000000705000000|100%| E|  |TAMS 0x0000000704e00000, 0x0000000704e00000| Complete 
|  51|0x0000000708400000, 0x0000000708600000, 0x0000000708600000|100%| E|  |TAMS 0x0000000708400000, 0x0000000708400000| Complete 
|  52|0x0000000708600000, 0x0000000708800000, 0x0000000708800000|100%| E|  |TAMS 0x0000000708600000, 0x0000000708600000| Complete 
|  53|0x0000000708800000, 0x0000000708a00000, 0x0000000708a00000|100%| E|  |TAMS 0x0000000708800000, 0x0000000708800000| Complete 
|  54|0x0000000708a00000, 0x0000000708c00000, 0x0000000708c00000|100%| E|  |TAMS 0x0000000708a00000, 0x0000000708a00000| Complete 
| 127|0x0000000711c00000, 0x0000000711e00000, 0x0000000711e00000|100%| E|  |TAMS 0x0000000711c00000, 0x0000000711c00000| Complete 

Card table byte_map: [0x000001a659760000,0x000001a659f60000] _byte_map_base: 0x000001a655f51000

Marking Bits (Prev, Next): (CMBitMap*) 0x000001a64626e780, (CMBitMap*) 0x000001a64626e7c0
 Prev Bits: [0x000001a65a760000, 0x000001a65e6e8000)
 Next Bits: [0x000001a65e6f0000, 0x000001a662678000)

Polling page: 0x000001a644030000

Metaspace:

Usage:
  Non-class:     45.74 MB capacity,    45.45 MB (>99%) used,   230.77 KB ( <1%) free+waste,    64.12 KB ( <1%) overhead. 
      Class:      6.28 MB capacity,     6.15 MB ( 98%) used,   117.48 KB (  2%) free+waste,    22.75 KB ( <1%) overhead. 
       Both:     52.03 MB capacity,    51.60 MB (>99%) used,   348.25 KB ( <1%) free+waste,    86.88 KB ( <1%) overhead. 

Virtual space:
  Non-class space:       46.00 MB reserved,      45.75 MB (>99%) committed 
      Class space:        1.00 GB reserved,       6.38 MB ( <1%) committed 
             Both:        1.04 GB reserved,      52.12 MB (  5%) committed 

Chunk freelists:
   Non-Class:  9.00 KB
       Class:  29.00 KB
        Both:  38.00 KB

MaxMetaspaceSize: 17179869184.00 GB
CompressedClassSpaceSize: 1.00 GB

CodeHeap 'non-profiled nmethods': size=120000Kb used=2669Kb max_used=2669Kb free=117330Kb
 bounds [0x000001a651700000, 0x000001a6519a0000, 0x000001a658c30000]
CodeHeap 'profiled nmethods': size=120000Kb used=8892Kb max_used=8892Kb free=111107Kb
 bounds [0x000001a64a1d0000, 0x000001a64aa80000, 0x000001a651700000]
CodeHeap 'non-nmethods': size=5760Kb used=1273Kb max_used=1323Kb free=4486Kb
 bounds [0x000001a649c30000, 0x000001a649ea0000, 0x000001a64a1d0000]
 total_blobs=4771 nmethods=4217 adapters=466
 compilation: enabled
              stopped_count=0, restarted_count=0
 full_count=0

Compilation events (20 events):
Event: 63.869 Thread 0x000001a6659fc570 nmethod 4237 0x000001a64aa7ad10 code [0x000001a64aa7aec0, 0x000001a64aa7b0c8]
Event: 63.869 Thread 0x000001a6659fc570 4238   !   3       java.util.concurrent.ConcurrentHashMap::putVal (432 bytes)
Event: 63.870 Thread 0x000001a6659c4010 nmethod 4234 0x000001a65199a110 code [0x000001a65199a2a0, 0x000001a65199a628]
Event: 63.870 Thread 0x000001a6659c4010 4235       4       java.lang.String::<init> (14 bytes)
Event: 63.871 Thread 0x000001a6659fc570 nmethod 4238 0x000001a64aa7b190 code [0x000001a64aa7b4e0, 0x000001a64aa7d028]
Event: 63.871 Thread 0x000001a6659fc570 4240       3       java.util.List::of (4 bytes)
Event: 63.872 Thread 0x000001a6659fc570 nmethod 4240 0x000001a64aa7d990 code [0x000001a64aa7db20, 0x000001a64aa7dc18]
Event: 63.875 Thread 0x000001a6659c4010 nmethod 4235 0x000001a65199a790 code [0x000001a65199a920, 0x000001a65199ae38]
Event: 63.875 Thread 0x000001a6659c4010 4239       4       java.util.Objects::requireNonNull (15 bytes)
Event: 63.875 Thread 0x000001a6659c4010 nmethod 4239 0x000001a65199b090 code [0x000001a65199b200, 0x000001a65199b258]
Event: 64.076 Thread 0x000001a6659fc570 4241       3       java.util.Calendar::complete (40 bytes)
Event: 64.077 Thread 0x000001a6659fc570 nmethod 4241 0x000001a64aa7dc90 code [0x000001a64aa7de60, 0x000001a64aa7e218]
Event: 64.077 Thread 0x000001a6659fc570 4243       3       java.util.LinkedHashMap::afterNodeRemoval (65 bytes)
Event: 64.077 Thread 0x000001a6659fc570 nmethod 4243 0x000001a64aa7e310 code [0x000001a64aa7e4e0, 0x000001a64aa7e998]
Event: 64.077 Thread 0x000001a6659fc570 4242       3       java.text.DontCareFieldPosition$1::formatted (1 bytes)
Event: 64.077 Thread 0x000001a6659fc570 nmethod 4242 0x000001a64aa7eb10 code [0x000001a64aa7eca0, 0x000001a64aa7ed98]
Event: 64.078 Thread 0x000001a6659c4010 4244       4       jdk.internal.org.objectweb.asm.SymbolTable::addConstantUtf8 (98 bytes)
Event: 64.079 Thread 0x000001a6659fc570 4245       3       java.util.concurrent.locks.LockSupport::setBlocker (12 bytes)
Event: 64.079 Thread 0x000001a6659fc570 nmethod 4245 0x000001a64aa7ee10 code [0x000001a64aa7efc0, 0x000001a64aa7f1c8]
Event: 64.080 Thread 0x000001a6659fc570 4248       1       org.springframework.util.ConcurrentReferenceHashMap::access$200 (5 bytes)

GC Heap History (20 events):
Event: 0.576 GC heap after
{Heap after GC invocations=1 (full 0):
 garbage-first heap   total 262144K, used 5729K [0x0000000701e00000, 0x0000000800000000)
  region size 2048K, 2 young (4096K), 2 survivors (4096K)
 Metaspace       used 11723K, capacity 11818K, committed 11904K, reserved 1060864K
  class space    used 1101K, capacity 1126K, committed 1152K, reserved 1048576K
}
Event: 0.581 GC heap before
{Heap before GC invocations=1 (full 0):
 garbage-first heap   total 262144K, used 28257K [0x0000000701e00000, 0x0000000800000000)
  region size 2048K, 14 young (28672K), 2 survivors (4096K)
 Metaspace       used 11723K, capacity 11818K, committed 11904K, reserved 1060864K
  class space    used 1101K, capacity 1126K, committed 1152K, reserved 1048576K
}
Event: 0.583 GC heap after
{Heap after GC invocations=2 (full 0):
 garbage-first heap   total 262144K, used 5712K [0x0000000701e00000, 0x0000000800000000)
  region size 2048K, 1 young (2048K), 1 survivors (2048K)
 Metaspace       used 11723K, capacity 11818K, committed 11904K, reserved 1060864K
  class space    used 1101K, capacity 1126K, committed 1152K, reserved 1048576K
}
Event: 1.071 GC heap before
{Heap before GC invocations=2 (full 0):
 garbage-first heap   total 262144K, used 48720K [0x0000000701e00000, 0x0000000800000000)
  region size 2048K, 23 young (47104K), 1 survivors (2048K)
 Metaspace       used 21005K, capacity 21209K, committed 21248K, reserved 1069056K
  class space    used 2190K, capacity 2267K, committed 2304K, reserved 1048576K
}
Event: 1.074 GC heap after
{Heap after GC invocations=3 (full 0):
 garbage-first heap   total 262144K, used 7730K [0x0000000701e00000, 0x0000000800000000)
  region size 2048K, 2 young (4096K), 2 survivors (4096K)
 Metaspace       used 21005K, capacity 21209K, committed 21248K, reserved 1069056K
  class space    used 2190K, capacity 2267K, committed 2304K, reserved 1048576K
}
Event: 1.235 GC heap before
{Heap before GC invocations=4 (full 0):
 garbage-first heap   total 40960K, used 36402K [0x0000000701e00000, 0x0000000800000000)
  region size 2048K, 17 young (34816K), 2 survivors (4096K)
 Metaspace       used 23716K, capacity 23987K, committed 24192K, reserved 1071104K
  class space    used 2565K, capacity 2661K, committed 2688K, reserved 1048576K
}
Event: 1.238 GC heap after
{Heap after GC invocations=5 (full 0):
 garbage-first heap   total 45056K, used 8500K [0x0000000701e00000, 0x0000000800000000)
  region size 2048K, 2 young (4096K), 2 survivors (4096K)
 Metaspace       used 23716K, capacity 23987K, committed 24192K, reserved 1071104K
  class space    used 2565K, capacity 2661K, committed 2688K, reserved 1048576K
}
Event: 1.278 GC heap before
{Heap before GC invocations=5 (full 0):
 garbage-first heap   total 45056K, used 26932K [0x0000000701e00000, 0x0000000800000000)
  region size 2048K, 12 young (24576K), 2 survivors (4096K)
 Metaspace       used 24112K, capacity 24403K, committed 24576K, reserved 1071104K
  class space    used 2598K, capacity 2693K, committed 2816K, reserved 1048576K
}
Event: 1.280 GC heap after
{Heap after GC invocations=6 (full 0):
 garbage-first heap   total 45056K, used 8785K [0x0000000701e00000, 0x0000000800000000)
  region size 2048K, 1 young (2048K), 1 survivors (2048K)
 Metaspace       used 24112K, capacity 24403K, committed 24576K, reserved 1071104K
  class space    used 2598K, capacity 2693K, committed 2816K, reserved 1048576K
}
Event: 1.618 GC heap before
{Heap before GC invocations=6 (full 0):
 garbage-first heap   total 45056K, used 29265K [0x0000000701e00000, 0x0000000800000000)
  region size 2048K, 11 young (22528K), 1 survivors (2048K)
 Metaspace       used 25778K, capacity 26010K, committed 26240K, reserved 1073152K
  class space    used 2769K, capacity 2836K, committed 2944K, reserved 1048576K
}
Event: 1.620 GC heap after
{Heap after GC invocations=7 (full 0):
 garbage-first heap   total 153600K, used 9594K [0x0000000701e00000, 0x0000000800000000)
  region size 2048K, 1 young (2048K), 1 survivors (2048K)
 Metaspace       used 25778K, capacity 26010K, committed 26240K, reserved 1073152K
  class space    used 2769K, capacity 2836K, committed 2944K, reserved 1048576K
}
Event: 2.655 GC heap before
{Heap before GC invocations=7 (full 0):
 garbage-first heap   total 153600K, used 97658K [0x0000000701e00000, 0x0000000800000000)
  region size 2048K, 45 young (92160K), 1 survivors (2048K)
 Metaspace       used 34003K, capacity 34331K, committed 34432K, reserved 1079296K
  class space    used 3794K, capacity 3930K, committed 3968K, reserved 1048576K
}
Event: 2.661 GC heap after
{Heap after GC invocations=8 (full 0):
 garbage-first heap   total 153600K, used 13361K [0x0000000701e00000, 0x0000000800000000)
  region size 2048K, 3 young (6144K), 3 survivors (6144K)
 Metaspace       used 34003K, capacity 34331K, committed 34432K, reserved 1079296K
  class space    used 3794K, capacity 3930K, committed 3968K, reserved 1048576K
}
Event: 2.846 GC heap before
{Heap before GC invocations=8 (full 0):
 garbage-first heap   total 153600K, used 50225K [0x0000000701e00000, 0x0000000800000000)
  region size 2048K, 23 young (47104K), 3 survivors (6144K)
 Metaspace       used 35392K, capacity 35751K, committed 35840K, reserved 1081344K
  class space    used 3937K, capacity 4062K, committed 4096K, reserved 1048576K
}
Event: 2.851 GC heap after
{Heap after GC invocations=9 (full 0):
 garbage-first heap   total 153600K, used 14054K [0x0000000701e00000, 0x0000000800000000)
  region size 2048K, 4 young (8192K), 4 survivors (8192K)
 Metaspace       used 35392K, capacity 35751K, committed 35840K, reserved 1081344K
  class space    used 3937K, capacity 4062K, committed 4096K, reserved 1048576K
}
Event: 3.356 GC heap before
{Heap before GC invocations=10 (full 0):
 garbage-first heap   total 61440K, used 42726K [0x0000000701e00000, 0x0000000800000000)
  region size 2048K, 18 young (36864K), 4 survivors (8192K)
 Metaspace       used 42209K, capacity 42626K, committed 42880K, reserved 1087488K
  class space    used 4750K, capacity 4874K, committed 4992K, reserved 1048576K
}
Event: 3.361 GC heap after
{Heap after GC invocations=11 (full 0):
 garbage-first heap   total 61440K, used 16274K [0x0000000701e00000, 0x0000000800000000)
  region size 2048K, 2 young (4096K), 2 survivors (4096K)
 Metaspace       used 42209K, capacity 42626K, committed 42880K, reserved 1087488K
  class space    used 4750K, capacity 4874K, committed 4992K, reserved 1048576K
}
Event: 3.698 GC heap before
{Heap before GC invocations=11 (full 0):
 garbage-first heap   total 61440K, used 46994K [0x0000000701e00000, 0x0000000800000000)
  region size 2048K, 17 young (34816K), 2 survivors (4096K)
 Metaspace       used 48251K, capacity 48732K, committed 48896K, reserved 1091584K
  class space    used 5749K, capacity 5881K, committed 5888K, reserved 1048576K
}
Event: 3.702 GC heap after
{Heap after GC invocations=12 (full 0):
 garbage-first heap   total 61440K, used 18389K [0x0000000701e00000, 0x0000000800000000)
  region size 2048K, 3 young (6144K), 3 survivors (6144K)
 Metaspace       used 48251K, capacity 48732K, committed 48896K, reserved 1091584K
  class space    used 5749K, capacity 5881K, committed 5888K, reserved 1048576K
}
Event: 64.082 GC heap before
{Heap before GC invocations=12 (full 0):
 garbage-first heap   total 61440K, used 34773K [0x0000000701e00000, 0x0000000800000000)
  region size 2048K, 13 young (26624K), 3 survivors (6144K)
 Metaspace       used 52838K, capacity 53274K, committed 53376K, reserved 1095680K
  class space    used 6294K, capacity 6435K, committed 6528K, reserved 1048576K
}

Deoptimization events (20 events):
Event: 23.193 Thread 0x000001a6676bc570 DEOPT PACKING pc=0x000001a64aa4b3c1 sp=0x0000007ae30fefe0
Event: 23.193 Thread 0x000001a6676bc570 DEOPT UNPACKING pc=0x000001a649c7e23f sp=0x0000007ae30fe4a8 mode 0
Event: 30.387 Thread 0x000001a6676bc570 DEOPT PACKING pc=0x000001a64aa4b3c1 sp=0x0000007ae30fefe0
Event: 30.387 Thread 0x000001a6676bc570 DEOPT UNPACKING pc=0x000001a649c7e23f sp=0x0000007ae30fe4a8 mode 0
Event: 36.591 Thread 0x000001a6676bc570 DEOPT PACKING pc=0x000001a64aa4b3c1 sp=0x0000007ae30ff050
Event: 36.591 Thread 0x000001a6676bc570 DEOPT UNPACKING pc=0x000001a649c7e23f sp=0x0000007ae30fe518 mode 0
Event: 43.830 Thread 0x000001a6676bc570 DEOPT PACKING pc=0x000001a64aa4b3c1 sp=0x0000007ae30ff050
Event: 43.830 Thread 0x000001a6676bc570 DEOPT UNPACKING pc=0x000001a649c7e23f sp=0x0000007ae30fe518 mode 0
Event: 63.781 Thread 0x000001a6676bbbd0 Uncommon trap: trap_request=0xffffff45 fr.pc=0x000001a651743548 relative=0x0000000000000048
Event: 63.781 Thread 0x000001a6676bbbd0 Uncommon trap: reason=unstable_if action=reinterpret pc=0x000001a651743548 method=java.net.URI.match(CJJ)Z @ 19 c2
Event: 63.781 Thread 0x000001a6676bbbd0 DEOPT PACKING pc=0x000001a651743548 sp=0x0000007ae09fe580
Event: 63.781 Thread 0x000001a6676bbbd0 DEOPT UNPACKING pc=0x000001a649c7e42f sp=0x0000007ae09fe508 mode 2
Event: 63.849 Thread 0x000001a6676bbbd0 Uncommon trap: trap_request=0xffffff45 fr.pc=0x000001a65195a554 relative=0x0000000000000694
Event: 63.849 Thread 0x000001a6676bbbd0 Uncommon trap: reason=unstable_if action=reinterpret pc=0x000001a65195a554 method=java.util.HashMap$HashIterator.<init>(Ljava/util/HashMap;)V @ 45 c2
Event: 63.849 Thread 0x000001a6676bbbd0 DEOPT PACKING pc=0x000001a65195a554 sp=0x0000007ae09fdf90
Event: 63.849 Thread 0x000001a6676bbbd0 DEOPT UNPACKING pc=0x000001a649c7e42f sp=0x0000007ae09fde20 mode 2
Event: 63.854 Thread 0x000001a6676bbbd0 Uncommon trap: trap_request=0xffffff45 fr.pc=0x000001a65173010c relative=0x00000000000015cc
Event: 63.854 Thread 0x000001a6676bbbd0 Uncommon trap: reason=unstable_if action=reinterpret pc=0x000001a65173010c method=java.util.jar.JarFile.getEntry(Ljava/lang/String;)Ljava/util/zip/ZipEntry; @ 15 c2
Event: 63.854 Thread 0x000001a6676bbbd0 DEOPT PACKING pc=0x000001a65173010c sp=0x0000007ae09fd8f0
Event: 63.854 Thread 0x000001a6676bbbd0 DEOPT UNPACKING pc=0x000001a649c7e42f sp=0x0000007ae09fd908 mode 2

Classes unloaded (0 events):
No events

Classes redefined (0 events):
No events

Internal exceptions (20 events):
Event: 3.161 Thread 0x000001a665b7ba70 Exception <a 'java/lang/NoSuchMethodError'{0x000000070431d480}: 'void java.lang.invoke.DirectMethodHandle$Holder.invokeVirtual(java.lang.Object, java.lang.Object, int)'> (0x000000070431d480) 
thrown [./open/src/hotspot/share/interpreter/linkResolver.cpp, line 782]
Event: 3.164 Thread 0x000001a665b7ba70 Exception <a 'java/lang/NoSuchMethodError'{0x0000000704339d38}: 'void java.lang.invoke.DirectMethodHandle$Holder.invokeVirtual(java.lang.Object, java.lang.Object, long)'> (0x0000000704339d38) 
thrown [./open/src/hotspot/share/interpreter/linkResolver.cpp, line 782]
Event: 3.281 Thread 0x000001a665b7ba70 Exception <a 'java/lang/ClassNotFoundException'{0x0000000703d3d0d0}: java/lang/ObjectCustomizer> (0x0000000703d3d0d0) 
thrown [./open/src/hotspot/share/classfile/systemDictionary.cpp, line 295]
Event: 3.282 Thread 0x000001a665b7ba70 Exception <a 'java/lang/ClassNotFoundException'{0x0000000703d44ad0}: org/springframework/web/servlet/config/annotation/WebMvcConfigurationSupportCustomizer> (0x0000000703d44ad0) 
thrown [./open/src/hotspot/share/classfile/systemDictionary.cpp, line 295]
Event: 3.283 Thread 0x000001a665b7ba70 Exception <a 'java/lang/ClassNotFoundException'{0x0000000703d580c0}: org/springframework/web/servlet/config/annotation/DelegatingWebMvcConfigurationCustomizer> (0x0000000703d580c0) 
thrown [./open/src/hotspot/share/classfile/systemDictionary.cpp, line 295]
Event: 3.284 Thread 0x000001a665b7ba70 Exception <a 'java/lang/ClassNotFoundException'{0x0000000703d60e98}: org/springframework/boot/autoconfigure/web/servlet/WebMvcAutoConfiguration$EnableWebMvcConfigurationCustomizer> (0x0000000703d60e98) 
thrown [./open/src/hotspot/share/classfile/systemDictionary.cpp, line 295]
Event: 3.286 Thread 0x000001a665b7ba70 Exception <a 'java/lang/ClassNotFoundException'{0x0000000703d758d8}: org/springframework/context/ResourceLoaderAwareCustomizer> (0x0000000703d758d8) 
thrown [./open/src/hotspot/share/classfile/systemDictionary.cpp, line 295]
Event: 3.287 Thread 0x000001a665b7ba70 Exception <a 'java/lang/ClassNotFoundException'{0x0000000703d7a3f0}: org/springframework/beans/factory/AwareCustomizer> (0x0000000703d7a3f0) 
thrown [./open/src/hotspot/share/classfile/systemDictionary.cpp, line 295]
Event: 3.287 Thread 0x000001a665b7ba70 Exception <a 'java/lang/ClassNotFoundException'{0x0000000703d7e350}: org/springframework/context/ApplicationContextAwareCustomizer> (0x0000000703d7e350) 
thrown [./open/src/hotspot/share/classfile/systemDictionary.cpp, line 295]
Event: 3.288 Thread 0x000001a665b7ba70 Exception <a 'java/lang/ClassNotFoundException'{0x0000000703d83a38}: org/springframework/beans/factory/AwareCustomizer> (0x0000000703d83a38) 
thrown [./open/src/hotspot/share/classfile/systemDictionary.cpp, line 295]
Event: 3.288 Thread 0x000001a665b7ba70 Exception <a 'java/lang/ClassNotFoundException'{0x0000000703d87970}: org/springframework/web/context/ServletContextAwareCustomizer> (0x0000000703d87970) 
thrown [./open/src/hotspot/share/classfile/systemDictionary.cpp, line 295]
Event: 3.289 Thread 0x000001a665b7ba70 Exception <a 'java/lang/ClassNotFoundException'{0x0000000703d8c8e0}: org/springframework/beans/factory/AwareCustomizer> (0x0000000703d8c8e0) 
thrown [./open/src/hotspot/share/classfile/systemDictionary.cpp, line 295]
Event: 3.552 Thread 0x000001a665b7ba70 Exception <a 'java/lang/IncompatibleClassChangeError'{0x000000070488aaf8}: Found class java.lang.Object, but interface was expected> (0x000000070488aaf8) 
thrown [./open/src/hotspot/share/interpreter/linkResolver.cpp, line 848]
Event: 3.586 Thread 0x000001a665b7ba70 Exception <a 'java/lang/NoSuchMethodError'{0x000000070475b798}: 'int java.lang.invoke.DirectMethodHandle$Holder.invokeStaticInit(java.lang.Object, java.lang.Object, java.lang.Object, java.lang.Object)'> (0x000000070475b798) 
thrown [./open/src/hotspot/share/interpreter/linkResolver.cpp, line 782]
Event: 3.703 Thread 0x000001a665b7ba70 Exception <a 'java/lang/NoSuchMethodError'{0x0000000711c04320}: 'java.lang.Object java.lang.invoke.DirectMethodHandle$Holder.invokeSpecial(java.lang.Object, java.lang.Object, int, java.lang.Object, int, java.lang.Object)'> (0x0000000711c04320) 
thrown [./open/src/hotspot/share/interpreter/linkResolver.cpp, line 782]
Event: 3.704 Thread 0x000001a665b7ba70 Exception <a 'java/lang/NoSuchMethodError'{0x0000000711c0cdb0}: 'java.lang.Object java.lang.invoke.DirectMethodHandle$Holder.newInvokeSpecial(java.lang.Object, java.lang.Object, int, java.lang.Object, int)'> (0x0000000711c0cdb0) 
thrown [./open/src/hotspot/share/interpreter/linkResolver.cpp, line 782]
Event: 3.704 Thread 0x000001a665b7ba70 Exception <a 'java/lang/NoSuchMethodError'{0x0000000711c10fc0}: 'java.lang.Object java.lang.invoke.DirectMethodHandle$Holder.invokeSpecial(java.lang.Object, java.lang.Object, java.lang.Object, int, java.lang.Object, int)'> (0x0000000711c10fc0) 
thrown [./open/src/hotspot/share/interpreter/linkResolver.cpp, line 782]
Event: 3.705 Thread 0x000001a665b7ba70 Exception <a 'java/lang/NoSuchMethodError'{0x0000000711c1b508}: 'void java.lang.invoke.DirectMethodHandle$Holder.invokeVirtual(java.lang.Object, java.lang.Object)'> (0x0000000711c1b508) 
thrown [./open/src/hotspot/share/interpreter/linkResolver.cpp, line 782]
Event: 3.922 Thread 0x000001a6676bfa60 Exception <a 'java/lang/NoSuchMethodError'{0x0000000704ddb428}: 'void java.lang.invoke.DirectMethodHandle$Holder.invokeInterface(java.lang.Object, java.lang.Object)'> (0x0000000704ddb428) 
thrown [./open/src/hotspot/share/interpreter/linkResolver.cpp, line 782]
Event: 63.842 Thread 0x000001a6676c0da0 Exception <a 'java/lang/InterruptedException'{0x0000000704946910}: sleep interrupted> (0x0000000704946910) 
thrown [./open/src/hotspot/share/prims/jvm.cpp, line 3278]

Events (20 events):
Event: 63.866 loading class java/time/zone/ZoneRulesProvider$1
Event: 63.866 loading class java/time/zone/ZoneRulesProvider$1 done
Event: 63.866 loading class java/time/zone/TzdbZoneRulesProvider
Event: 63.866 loading class java/time/zone/TzdbZoneRulesProvider done
Event: 63.870 loading class java/time/zone/Ser
Event: 63.870 loading class java/time/zone/Ser done
Event: 63.870 loading class java/time/zone/ZoneRules
Event: 63.871 loading class java/time/zone/ZoneRules done
Event: 63.871 loading class java/time/zone/ZoneOffsetTransitionRule
Event: 63.871 loading class java/time/zone/ZoneOffsetTransitionRule done
Event: 63.872 loading class java/time/zone/ZoneOffsetTransition
Event: 63.872 loading class java/time/zone/ZoneOffsetTransition done
Event: 64.077 loading class jdk/internal/reflect/UnsafeQualifiedObjectFieldAccessorImpl
Event: 64.078 loading class jdk/internal/reflect/UnsafeQualifiedFieldAccessorImpl
Event: 64.078 loading class jdk/internal/reflect/UnsafeQualifiedFieldAccessorImpl done
Event: 64.078 loading class jdk/internal/reflect/UnsafeQualifiedObjectFieldAccessorImpl done
Event: 64.078 Thread 0x000001a6676bf590 Thread added: 0x000001a6676bf590
Event: 64.079 Thread 0x000001a6676bb700 Thread exited: 0x000001a6676bb700
Event: 64.079 Thread 0x000001a6676bf590 Thread exited: 0x000001a6676bf590
Event: 64.080 Executing VM operation: G1CollectFull


Dynamic libraries:
0x00007ff73cd40000 - 0x00007ff73cd4d000 	C:\work\Downloads\sts-4.8.1.RELEASE\plugins\org.eclipse.justj.openjdk.hotspot.jre.full.win32.x86_64_15.0.0.v20201014-1246\jre\bin\javaw.exe
0x00007ffca2190000 - 0x00007ffca2386000 	C:\WINDOWS\SYSTEM32\ntdll.dll
0x00007ffca10b0000 - 0x00007ffca116d000 	C:\WINDOWS\System32\KERNEL32.DLL
0x00007ffc9fd90000 - 0x00007ffca0058000 	C:\WINDOWS\System32\KERNELBASE.dll
0x00007ffc9f8a0000 - 0x00007ffc9f9a0000 	C:\WINDOWS\System32\ucrtbase.dll
0x00007ffc718e0000 - 0x00007ffc718f8000 	C:\work\Downloads\sts-4.8.1.RELEASE\plugins\org.eclipse.justj.openjdk.hotspot.jre.full.win32.x86_64_15.0.0.v20201014-1246\jre\bin\jli.dll
0x00007ffc71ad0000 - 0x00007ffc71ae9000 	C:\work\Downloads\sts-4.8.1.RELEASE\plugins\org.eclipse.justj.openjdk.hotspot.jre.full.win32.x86_64_15.0.0.v20201014-1246\jre\bin\VCRUNTIME140.dll
0x00007ffca1770000 - 0x00007ffca1910000 	C:\WINDOWS\System32\USER32.dll
0x00007ffc7f6d0000 - 0x00007ffc7f96b000 	C:\WINDOWS\WinSxS\amd64_microsoft.windows.common-controls_6595b64144ccf1df_6.0.19041.488_none_ca04af081b815d21\COMCTL32.dll
0x00007ffc9fd60000 - 0x00007ffc9fd82000 	C:\WINDOWS\System32\win32u.dll
0x00007ffca0790000 - 0x00007ffca082e000 	C:\WINDOWS\System32\msvcrt.dll
0x00007ffca0760000 - 0x00007ffca078a000 	C:\WINDOWS\System32\GDI32.dll
0x00007ffc9fbb0000 - 0x00007ffc9fcb9000 	C:\WINDOWS\System32\gdi32full.dll
0x00007ffc9fcc0000 - 0x00007ffc9fd5d000 	C:\WINDOWS\System32\msvcp_win.dll
0x00007ffca1740000 - 0x00007ffca1770000 	C:\WINDOWS\System32\IMM32.DLL
0x00007ffc84eb0000 - 0x00007ffc84ebc000 	C:\work\Downloads\sts-4.8.1.RELEASE\plugins\org.eclipse.justj.openjdk.hotspot.jre.full.win32.x86_64_15.0.0.v20201014-1246\jre\bin\vcruntime140_1.dll
0x00007ffc71840000 - 0x00007ffc718d1000 	C:\work\Downloads\sts-4.8.1.RELEASE\plugins\org.eclipse.justj.openjdk.hotspot.jre.full.win32.x86_64_15.0.0.v20201014-1246\jre\bin\msvcp140.dll
0x00007ffc3f770000 - 0x00007ffc402cc000 	C:\work\Downloads\sts-4.8.1.RELEASE\plugins\org.eclipse.justj.openjdk.hotspot.jre.full.win32.x86_64_15.0.0.v20201014-1246\jre\bin\server\jvm.dll
0x00007ffca2000000 - 0x00007ffca20ac000 	C:\WINDOWS\System32\ADVAPI32.dll
0x00007ffca0660000 - 0x00007ffca06fb000 	C:\WINDOWS\System32\sechost.dll
0x00007ffca1db0000 - 0x00007ffca1ed4000 	C:\WINDOWS\System32\RPCRT4.dll
0x00007ffca1f40000 - 0x00007ffca1f48000 	C:\WINDOWS\System32\PSAPI.DLL
0x00007ffc8f170000 - 0x00007ffc8f179000 	C:\WINDOWS\SYSTEM32\WSOCK32.dll
0x00007ffc831f0000 - 0x00007ffc83217000 	C:\WINDOWS\SYSTEM32\WINMM.dll
0x00007ffc8f150000 - 0x00007ffc8f15a000 	C:\WINDOWS\SYSTEM32\VERSION.dll
0x00007ffca1170000 - 0x00007ffca11db000 	C:\WINDOWS\System32\WS2_32.dll
0x00007ffc9d7d0000 - 0x00007ffc9d7e2000 	C:\WINDOWS\SYSTEM32\kernel.appcore.dll
0x00007ffc9b3f0000 - 0x00007ffc9b3fa000 	C:\work\Downloads\sts-4.8.1.RELEASE\plugins\org.eclipse.justj.openjdk.hotspot.jre.full.win32.x86_64_15.0.0.v20201014-1246\jre\bin\jimage.dll
0x00007ffc98150000 - 0x00007ffc98334000 	C:\WINDOWS\SYSTEM32\DBGHELP.DLL
0x00007ffc97fc0000 - 0x00007ffc97fec000 	C:\WINDOWS\SYSTEM32\dbgcore.DLL
0x00007ffca00c0000 - 0x00007ffca013f000 	C:\WINDOWS\System32\bcryptPrimitives.dll
0x00007ffc86930000 - 0x00007ffc86955000 	C:\work\Downloads\sts-4.8.1.RELEASE\plugins\org.eclipse.justj.openjdk.hotspot.jre.full.win32.x86_64_15.0.0.v20201014-1246\jre\bin\java.dll
0x00007ffc77450000 - 0x00007ffc77468000 	C:\work\Downloads\sts-4.8.1.RELEASE\plugins\org.eclipse.justj.openjdk.hotspot.jre.full.win32.x86_64_15.0.0.v20201014-1246\jre\bin\zip.dll
0x00007ffca0960000 - 0x00007ffca10a1000 	C:\WINDOWS\System32\SHELL32.dll
0x00007ffc9d9d0000 - 0x00007ffc9e165000 	C:\WINDOWS\SYSTEM32\windows.storage.dll
0x00007ffca1910000 - 0x00007ffca1c65000 	C:\WINDOWS\System32\combase.dll
0x00007ffc9f170000 - 0x00007ffc9f19c000 	C:\WINDOWS\SYSTEM32\Wldp.dll
0x00007ffca01c0000 - 0x00007ffca026e000 	C:\WINDOWS\System32\SHCORE.dll
0x00007ffca1ee0000 - 0x00007ffca1f35000 	C:\WINDOWS\System32\shlwapi.dll
0x00007ffc9f7d0000 - 0x00007ffc9f7f6000 	C:\WINDOWS\SYSTEM32\profapi.dll
0x00007ffc726c0000 - 0x00007ffc726d9000 	C:\work\Downloads\sts-4.8.1.RELEASE\plugins\org.eclipse.justj.openjdk.hotspot.jre.full.win32.x86_64_15.0.0.v20201014-1246\jre\bin\net.dll
0x00007ffc99940000 - 0x00007ffc99a40000 	C:\WINDOWS\SYSTEM32\WINHTTP.dll
0x00007ffc9ef60000 - 0x00007ffc9efca000 	C:\WINDOWS\system32\mswsock.dll
0x00007ffc726a0000 - 0x00007ffc726b2000 	C:\work\Downloads\sts-4.8.1.RELEASE\plugins\org.eclipse.justj.openjdk.hotspot.jre.full.win32.x86_64_15.0.0.v20201014-1246\jre\bin\nio.dll
0x00007ffc98ef0000 - 0x00007ffc98f00000 	C:\work\Downloads\sts-4.8.1.RELEASE\plugins\org.eclipse.justj.openjdk.hotspot.jre.full.win32.x86_64_15.0.0.v20201014-1246\jre\bin\verify.dll
0x00007ffc71ac0000 - 0x00007ffc71ac9000 	C:\work\Downloads\sts-4.8.1.RELEASE\plugins\org.eclipse.justj.openjdk.hotspot.jre.full.win32.x86_64_15.0.0.v20201014-1246\jre\bin\management.dll
0x00007ffc71830000 - 0x00007ffc7183b000 	C:\work\Downloads\sts-4.8.1.RELEASE\plugins\org.eclipse.justj.openjdk.hotspot.jre.full.win32.x86_64_15.0.0.v20201014-1246\jre\bin\management_ext.dll
0x00007ffc8a740000 - 0x00007ffc8a757000 	C:\WINDOWS\system32\napinsp.dll
0x00007ffc8a720000 - 0x00007ffc8a73b000 	C:\WINDOWS\system32\pnrpnsp.dll
0x00007ffc8a700000 - 0x00007ffc8a715000 	C:\WINDOWS\system32\wshbth.dll
0x00007ffc9aa70000 - 0x00007ffc9aa8d000 	C:\WINDOWS\system32\NLAapi.dll
0x00007ffc9ec70000 - 0x00007ffc9ecab000 	C:\WINDOWS\SYSTEM32\IPHLPAPI.DLL
0x00007ffc9ecb0000 - 0x00007ffc9ed7b000 	C:\WINDOWS\SYSTEM32\DNSAPI.dll
0x00007ffca20b0000 - 0x00007ffca20b8000 	C:\WINDOWS\System32\NSI.dll
0x00007ffc8a6e0000 - 0x00007ffc8a6f2000 	C:\WINDOWS\System32\winrnr.dll
0x00007ffc97100000 - 0x00007ffc9710a000 	C:\Windows\System32\rasadhlp.dll
0x00007ffc99560000 - 0x00007ffc995df000 	C:\WINDOWS\System32\fwpuclnt.dll
0x00007ffca0140000 - 0x00007ffca0167000 	C:\WINDOWS\System32\bcrypt.dll
0x00007ffc9f500000 - 0x00007ffc9f518000 	C:\WINDOWS\SYSTEM32\CRYPTSP.dll
0x00007ffc9e910000 - 0x00007ffc9e944000 	C:\WINDOWS\system32\rsaenh.dll
0x00007ffc9f750000 - 0x00007ffc9f77e000 	C:\WINDOWS\SYSTEM32\USERENV.dll
0x00007ffc9f0e0000 - 0x00007ffc9f0ec000 	C:\WINDOWS\SYSTEM32\CRYPTBASE.dll
0x00007ffc9aa30000 - 0x00007ffc9aa47000 	C:\WINDOWS\SYSTEM32\dhcpcsvc6.DLL
0x00007ffc9aa10000 - 0x00007ffc9aa2d000 	C:\WINDOWS\SYSTEM32\dhcpcsvc.DLL

dbghelp: loaded successfully - version: 4.0.5 - missing functions: none
symbol engine: initialized successfully - sym options: 0x614 - pdb path: .;C:\work\Downloads\sts-4.8.1.RELEASE\plugins\org.eclipse.justj.openjdk.hotspot.jre.full.win32.x86_64_15.0.0.v20201014-1246\jre\bin;C:\WINDOWS\SYSTEM32;C:\WINDOWS\WinSxS\amd64_microsoft.windows.common-controls_6595b64144ccf1df_6.0.19041.488_none_ca04af081b815d21;C:\work\Downloads\sts-4.8.1.RELEASE\plugins\org.eclipse.justj.openjdk.hotspot.jre.full.win32.x86_64_15.0.0.v20201014-1246\jre\bin\server

VM Arguments:
jvm_args: -Dfile.encoding=UTF-8 -XX:+ShowCodeDetailsInExceptionMessages 
java_command: za.co.iherridge0.rest.webservices.todorestfulwebservices.TodoRestfulWebServicesApplication
java_class_path (initial): C:\work\source\todo-restful-web-services\target\classes;C:\Users\irwin\.m2\repository\org\springframework\boot\spring-boot-starter-data-jpa\2.4.1-SNAPSHOT\spring-boot-starter-data-jpa-2.4.1-SNAPSHOT.jar;C:\Users\irwin\.m2\repository\org\springframework\boot\spring-boot-starter-aop\2.4.1-SNAPSHOT\spring-boot-starter-aop-2.4.1-SNAPSHOT.jar;C:\Users\irwin\.m2\repository\org\springframework\spring-aop\5.3.1\spring-aop-5.3.1.jar;C:\Users\irwin\.m2\repository\org\aspectj\aspectjweaver\1.9.6\aspectjweaver-1.9.6.jar;C:\Users\irwin\.m2\repository\org\springframework\boot\spring-boot-starter-jdbc\2.4.1-SNAPSHOT\spring-boot-starter-jdbc-2.4.1-SNAPSHOT.jar;C:\Users\irwin\.m2\repository\com\zaxxer\HikariCP\3.4.5\HikariCP-3.4.5.jar;C:\Users\irwin\.m2\repository\org\springframework\spring-jdbc\5.3.1\spring-jdbc-5.3.1.jar;C:\Users\irwin\.m2\repository\jakarta\transaction\jakarta.transaction-api\1.3.3\jakarta.transaction-api-1.3.3.jar;C:\Users\irwin\.m2\repository\jakarta\persistence\jakarta.persistence-api\2.2.3\jakarta.persistence-api-2.2.3.jar;C:\Users\irwin\.m2\repository\org\hibernate\hibernate-core\5.4.23.Final\hibernate-core-5.4.23.Final.jar;C:\Users\irwin\.m2\repository\org\jboss\logging\jboss-logging\3.4.1.Final\jboss-logging-3.4.1.Final.jar;C:\Users\irwin\.m2\repository\org\javassist\javassist\3.24.0-GA\javassist-3.24.0-GA.jar;C:\Users\irwin\.m2\repository\net\bytebuddy\byte-buddy\1.10.18\byte-buddy-1.10.18.jar;C:\Users\irwin\.m2\repository\antlr\antlr\2.7.7\antlr-2.7.7.jar;C:\Users\irwin\.m2\repository\org\jboss\jandex\2.1.3.Final\jandex-2.1.3.Final.jar;C:\Users\irwin\.m2\repository\com\fasterxml\classmate\1.5.1\classmate-1.5.1.jar;C:\Users\irwin\.m2\repository\org\dom4j\dom4j\2.1.3\dom4j-2.1.3.jar;C:\Users\irwin\.m2\repository\org\hibernate\common\hibernate-commons-annotations\5.1.2.Final\hibernate-commons-annotations-5.1.2.Final.jar;C:\Users\irwin\.m2\repository\org\glassfish\jaxb\jaxb-runtime\2.3.3\jaxb-runtime-2.3.3.jar;C:\Users\irwin\.m2\
Launcher Type: SUN_STANDARD

[Global flags]
     intx CICompilerCount                          = 4                                         {product} {ergonomic}
     uint ConcGCThreads                            = 2                                         {product} {ergonomic}
     uint G1ConcRefinementThreads                  = 8                                         {product} {ergonomic}
   size_t G1HeapRegionSize                         = 2097152                                   {product} {ergonomic}
    uintx GCDrainStackTargetSize                   = 64                                        {product} {ergonomic}
   size_t InitialHeapSize                          = 268435456                                 {product} {ergonomic}
   size_t MarkStackSize                            = 4194304                                   {product} {ergonomic}
   size_t MaxHeapSize                              = 4263510016                                {product} {ergonomic}
   size_t MaxNewSize                               = 2556428288                                {product} {ergonomic}
   size_t MinHeapDeltaBytes                        = 2097152                                   {product} {ergonomic}
   size_t MinHeapSize                              = 8388608                                   {product} {ergonomic}
    uintx NonNMethodCodeHeapSize                   = 5839372                                {pd product} {ergonomic}
    uintx NonProfiledCodeHeapSize                  = 122909434                              {pd product} {ergonomic}
    uintx ProfiledCodeHeapSize                     = 122909434                              {pd product} {ergonomic}
    uintx ReservedCodeCacheSize                    = 251658240                              {pd product} {ergonomic}
     bool SegmentedCodeCache                       = true                                      {product} {ergonomic}
     bool ShowCodeDetailsInExceptionMessages       = true                                   {manageable} {command line}
   size_t SoftMaxHeapSize                          = 4263510016                             {manageable} {ergonomic}
     bool UseCompressedClassPointers               = true                                 {lp64_product} {ergonomic}
     bool UseCompressedOops                        = true                                 {lp64_product} {ergonomic}
     bool UseG1GC                                  = true                                      {product} {ergonomic}
     bool UseLargePagesIndividualAllocation        = false                                  {pd product} {ergonomic}

Logging:
Log output configuration:
 #0: stdout all=warning uptime,level,tags
 #1: stderr all=off uptime,level,tags

Environment Variables:
JAVA_HOME=C:\Program Files\Java\jdk1.8.0_261
PATH=C:/work/Downloads/sts-4.8.1.RELEASE//plugins/org.eclipse.justj.openjdk.hotspot.jre.full.win32.x86_64_15.0.0.v20201014-1246/jre/bin/server;C:/work/Downloads/sts-4.8.1.RELEASE//plugins/org.eclipse.justj.openjdk.hotspot.jre.full.win32.x86_64_15.0.0.v20201014-1246/jre/bin;C:\Program Files (x86)\Common Files\Oracle\Java\javapath;C:\WINDOWS\system32;C:\WINDOWS;C:\WINDOWS\System32\Wbem;C:\WINDOWS\System32\WindowsPowerShell\v1.0\;C:\WINDOWS\System32\OpenSSH\;C:\Program Files\Java\jdk1.8.0_261\bin;C:\Users\irwin\AppData\Local\Android\Sdk;C:\Users\irwin\AppData\Local\Android\Sdk\tools;C:\Users\irwin\AppData\Local\Android;C:\Users\irwin\AppData\Local\Android\Sdk\platform-tools;C:\Program Files\PowerShell\7-preview\preview;C:\Program Files\nodejs\;C:\Program Files\nodejs\node_modules\npm\bin;C:\apache-maven-3.6.3\bin;C:\Program Files\Apache Software Foundation\Tomcat 7.0;C:\Program Files\Git\cmd;C:\Program Files\Docker\Docker\resources\bin;C:\ProgramData\DockerDesktop\version-bin;C:\Program Files\PuTTY\;C:\Program Files\MySQL\MySQL Shell 8.0\bin\;C:\Users\irwin\AppData\Local\Microsoft\WindowsApps;C:\Users\irwin\AppData\Roaming\npm;C:\Users\irwin\AppData\Local\Programs\Microsoft VS Code\bin;C:\Users\irwin\AppData\Local\atom\bin;C:\work\Downloads\sts-4.8.1.RELEASE;
USERNAME=irwin
OS=Windows_NT
PROCESSOR_IDENTIFIER=Intel64 Family 6 Model 60 Stepping 3, GenuineIntel



---------------  S Y S T E M  ---------------

OS:
 Windows 10 , 64 bit Build 19041 (10.0.19041.546)
OS uptime: 0 days 21:24 hours
HyperV virtualization detected

CPU: total 8 (initial active 8) (4 cores per cpu, 2 threads per core) family 6 model 60 stepping 3, cmov, cx8, fxsr, mmx, sse, sse2, sse3, ssse3, sse4.1, sse4.2, popcnt, vzeroupper, avx, avx2, aes, clmul, erms, lzcnt, ht, tsc, tscinvbit, bmi1, bmi2, fma, clflush

Memory: 4k page, system-wide physical 16256M (7321M free)
TotalPageFile size 21256M (AvailPageFile size 9673M)
current process WorkingSet (physical memory assigned to process): 186M, peak: 303M
current process commit charge ("private bytes"): 225M, peak: 377M

vm_info: OpenJDK 64-Bit Server VM (15+36-1562) for windows-amd64 JRE (15+36-1562), built on Aug 11 2020 22:33:04 by "mach5one" with unknown MS VC++:1925

END.
